<?xml version="1.0" encoding="UTF-8"?>
<testsuite name="com.example.render.RenderApplicationTests" tests="1" skipped="0" failures="0" errors="0" timestamp="2025-03-27T07:57:23.694Z" hostname="LM-047983-00.local" time="0.29">
  <properties/>
  <testcase name="contextLoads()" classname="com.example.render.RenderApplicationTests" time="0.29"/>
  <system-out><![CDATA[16:57:21.043 [Test worker] INFO org.springframework.test.context.support.AnnotationConfigContextLoaderUtils -- Could not detect default configuration classes for test class [com.example.render.RenderApplicationTests]: RenderApplicationTests does not declare any static, non-private, non-final, nested classes annotated with @Configuration.
16:57:21.109 [Test worker] INFO org.springframework.boot.test.context.SpringBootTestContextBootstrapper -- Found @SpringBootConfiguration com.example.render.RenderApplication for test class com.example.render.RenderApplicationTests

  .   ____          _            __ _ _
 /\\ / ___'_ __ _ _(_)_ __  __ _ \ \ \ \
( ( )\___ | '_ | '_| | '_ \/ _` | \ \ \ \
 \\/  ___)| |_)| | | | | || (_| |  ) ) ) )
  '  |____| .__|_| |_|_| |_\__, | / / / /
 =========|_|==============|___/=/_/_/_/

 :: Spring Boot ::                (v3.4.4)

2025-03-27T16:57:21.280+09:00  INFO 26569 --- [render] [    Test worker] c.example.render.RenderApplicationTests  : Starting RenderApplicationTests using Java 17.0.13 with PID 26569 (started by minwokim in /Users/minwokim/Documents/GitHub/render)
2025-03-27T16:57:21.281+09:00  INFO 26569 --- [render] [    Test worker] c.example.render.RenderApplicationTests  : No active profile set, falling back to 1 default profile: "default"
2025-03-27T16:57:21.552+09:00  INFO 26569 --- [render] [    Test worker] .s.d.r.c.RepositoryConfigurationDelegate : Bootstrapping Spring Data JPA repositories in DEFAULT mode.
2025-03-27T16:57:21.579+09:00  INFO 26569 --- [render] [    Test worker] .s.d.r.c.RepositoryConfigurationDelegate : Finished Spring Data repository scanning in 22 ms. Found 1 JPA repository interface.
2025-03-27T16:57:21.738+09:00  INFO 26569 --- [render] [    Test worker] o.hibernate.jpa.internal.util.LogHelper  : HHH000204: Processing PersistenceUnitInfo [name: default]
2025-03-27T16:57:21.759+09:00  INFO 26569 --- [render] [    Test worker] org.hibernate.Version                    : HHH000412: Hibernate ORM core version 6.6.11.Final
2025-03-27T16:57:21.774+09:00  INFO 26569 --- [render] [    Test worker] o.h.c.internal.RegionFactoryInitiator    : HHH000026: Second-level cache disabled
2025-03-27T16:57:21.891+09:00  INFO 26569 --- [render] [    Test worker] o.s.o.j.p.SpringPersistenceUnitInfo      : No LoadTimeWeaver setup: ignoring JPA class transformer
2025-03-27T16:57:21.906+09:00  INFO 26569 --- [render] [    Test worker] com.zaxxer.hikari.HikariDataSource       : HikariPool-1 - Starting...
2025-03-27T16:57:22.547+09:00  INFO 26569 --- [render] [    Test worker] com.zaxxer.hikari.pool.HikariPool        : HikariPool-1 - Added connection org.postgresql.jdbc.PgConnection@1c18ee69
2025-03-27T16:57:22.548+09:00  INFO 26569 --- [render] [    Test worker] com.zaxxer.hikari.HikariDataSource       : HikariPool-1 - Start completed.
2025-03-27T16:57:22.604+09:00  WARN 26569 --- [render] [    Test worker] org.hibernate.orm.deprecation            : HHH90000025: PostgreSQLDialect does not need to be specified explicitly using 'hibernate.dialect' (remove the property setting and it will be selected by default)
2025-03-27T16:57:22.707+09:00  INFO 26569 --- [render] [    Test worker] org.hibernate.orm.connections.pooling    : HHH10001005: Database info:
	Database JDBC URL [Connecting through datasource 'HikariDataSource (HikariPool-1)']
	Database driver: undefined/unknown
	Database version: 15.8
	Autocommit mode: undefined/unknown
	Isolation level: undefined/unknown
	Minimum pool size: undefined/unknown
	Maximum pool size: undefined/unknown
2025-03-27T16:57:23.049+09:00  INFO 26569 --- [render] [    Test worker] o.h.e.t.j.p.i.JtaPlatformInitiator       : HHH000489: No JTA platform available (set 'hibernate.transaction.jta.platform' to enable JTA platform integration)
2025-03-27T16:57:23.323+09:00  INFO 26569 --- [render] [    Test worker] j.LocalContainerEntityManagerFactoryBean : Initialized JPA EntityManagerFactory for persistence unit 'default'
2025-03-27T16:57:23.502+09:00  WARN 26569 --- [render] [    Test worker] JpaBaseConfiguration$JpaWebConfiguration : spring.jpa.open-in-view is enabled by default. Therefore, database queries may be performed during view rendering. Explicitly configure spring.jpa.open-in-view to disable this warning
2025-03-27T16:57:23.686+09:00  INFO 26569 --- [render] [    Test worker] c.example.render.RenderApplicationTests  : Started RenderApplicationTests in 2.515 seconds (process running for 3.063)
]]></system-out>
  <system-err><![CDATA[]]></system-err>
</testsuite>
