<?xml version="1.0" encoding="UTF-8"?>
<testsuite name="com.example.render.RenderApplicationTests" tests="1" skipped="0" failures="0" errors="0" timestamp="2025-03-27T08:25:31.298Z" hostname="LM-047983-00.local" time="0.304">
  <properties/>
  <testcase name="contextLoads()" classname="com.example.render.RenderApplicationTests" time="0.304"/>
  <system-out><![CDATA[17:25:28.471 [Test worker] INFO org.springframework.test.context.support.AnnotationConfigContextLoaderUtils -- Could not detect default configuration classes for test class [com.example.render.RenderApplicationTests]: RenderApplicationTests does not declare any static, non-private, non-final, nested classes annotated with @Configuration.
17:25:28.535 [Test worker] INFO org.springframework.boot.test.context.SpringBootTestContextBootstrapper -- Found @SpringBootConfiguration com.example.render.RenderApplication for test class com.example.render.RenderApplicationTests

  .   ____          _            __ _ _
 /\\ / ___'_ __ _ _(_)_ __  __ _ \ \ \ \
( ( )\___ | '_ | '_| | '_ \/ _` | \ \ \ \
 \\/  ___)| |_)| | | | | || (_| |  ) ) ) )
  '  |____| .__|_| |_|_| |_\__, | / / / /
 =========|_|==============|___/=/_/_/_/

 :: Spring Boot ::                (v3.4.4)

2025-03-27T17:25:28.726+09:00  INFO 27839 --- [render] [    Test worker] c.example.render.RenderApplicationTests  : Starting RenderApplicationTests using Java 17.0.13 with PID 27839 (started by minwokim in /Users/minwokim/Documents/GitHub/render)
2025-03-27T17:25:28.727+09:00  INFO 27839 --- [render] [    Test worker] c.example.render.RenderApplicationTests  : No active profile set, falling back to 1 default profile: "default"
2025-03-27T17:25:29.035+09:00  INFO 27839 --- [render] [    Test worker] .s.d.r.c.RepositoryConfigurationDelegate : Bootstrapping Spring Data JPA repositories in DEFAULT mode.
2025-03-27T17:25:29.065+09:00  INFO 27839 --- [render] [    Test worker] .s.d.r.c.RepositoryConfigurationDelegate : Finished Spring Data repository scanning in 25 ms. Found 1 JPA repository interface.
2025-03-27T17:25:29.255+09:00  INFO 27839 --- [render] [    Test worker] o.hibernate.jpa.internal.util.LogHelper  : HHH000204: Processing PersistenceUnitInfo [name: default]
2025-03-27T17:25:29.279+09:00  INFO 27839 --- [render] [    Test worker] org.hibernate.Version                    : HHH000412: Hibernate ORM core version 6.6.11.Final
2025-03-27T17:25:29.296+09:00  INFO 27839 --- [render] [    Test worker] o.h.c.internal.RegionFactoryInitiator    : HHH000026: Second-level cache disabled
2025-03-27T17:25:29.423+09:00  INFO 27839 --- [render] [    Test worker] o.s.o.j.p.SpringPersistenceUnitInfo      : No LoadTimeWeaver setup: ignoring JPA class transformer
2025-03-27T17:25:29.440+09:00  INFO 27839 --- [render] [    Test worker] com.zaxxer.hikari.HikariDataSource       : HikariPool-1 - Starting...
2025-03-27T17:25:30.048+09:00  INFO 27839 --- [render] [    Test worker] com.zaxxer.hikari.pool.HikariPool        : HikariPool-1 - Added connection org.postgresql.jdbc.PgConnection@3e4afd10
2025-03-27T17:25:30.049+09:00  INFO 27839 --- [render] [    Test worker] com.zaxxer.hikari.HikariDataSource       : HikariPool-1 - Start completed.
2025-03-27T17:25:30.257+09:00  INFO 27839 --- [render] [    Test worker] org.hibernate.orm.connections.pooling    : HHH10001005: Database info:
	Database JDBC URL [Connecting through datasource 'HikariDataSource (HikariPool-1)']
	Database driver: undefined/unknown
	Database version: 15.8
	Autocommit mode: undefined/unknown
	Isolation level: undefined/unknown
	Minimum pool size: undefined/unknown
	Maximum pool size: undefined/unknown
2025-03-27T17:25:30.631+09:00  INFO 27839 --- [render] [    Test worker] o.h.e.t.j.p.i.JtaPlatformInitiator       : HHH000489: No JTA platform available (set 'hibernate.transaction.jta.platform' to enable JTA platform integration)
2025-03-27T17:25:30.913+09:00  INFO 27839 --- [render] [    Test worker] j.LocalContainerEntityManagerFactoryBean : Initialized JPA EntityManagerFactory for persistence unit 'default'
2025-03-27T17:25:31.087+09:00  WARN 27839 --- [render] [    Test worker] JpaBaseConfiguration$JpaWebConfiguration : spring.jpa.open-in-view is enabled by default. Therefore, database queries may be performed during view rendering. Explicitly configure spring.jpa.open-in-view to disable this warning
2025-03-27T17:25:31.291+09:00  INFO 27839 --- [render] [    Test worker] c.example.render.RenderApplicationTests  : Started RenderApplicationTests in 2.69 seconds (process running for 3.297)
]]></system-out>
  <system-err><![CDATA[]]></system-err>
</testsuite>
